  [1m[35m (140.6ms)[0m  [1m[35mCREATE TABLE "schema_migrations" ("version" varchar NOT NULL PRIMARY KEY)[0m
  [1m[35m (140.8ms)[0m  [1m[35mCREATE TABLE "ar_internal_metadata" ("key" varchar NOT NULL PRIMARY KEY, "value" varchar, "created_at" datetime NOT NULL, "updated_at" datetime NOT NULL)[0m
  [1m[36mActiveRecord::SchemaMigration Load (0.2ms)[0m  [1m[34mSELECT "schema_migrations".* FROM "schema_migrations"[0m
Migrating to CreateCategories (20170405130358)
  [1m[35m (0.1ms)[0m  [1m[36mbegin transaction[0m
  [1m[35m (0.5ms)[0m  [1m[35mCREATE TABLE "categories" ("id" INTEGER PRIMARY KEY AUTOINCREMENT NOT NULL, "name" varchar, "created_at" datetime NOT NULL, "updated_at" datetime NOT NULL)[0m
  [1m[35mSQL (0.2ms)[0m  [1m[32mINSERT INTO "schema_migrations" ("version") VALUES (?)[0m  [["version", "20170405130358"]]
  [1m[35m (192.5ms)[0m  [1m[36mcommit transaction[0m
Migrating to CreateProducts (20170405130403)
  [1m[35m (0.2ms)[0m  [1m[36mbegin transaction[0m
  [1m[35m (1.4ms)[0m  [1m[35mCREATE TABLE "products" ("id" INTEGER PRIMARY KEY AUTOINCREMENT NOT NULL, "name" varchar, "price" float, "category_id" integer, "created_at" datetime NOT NULL, "updated_at" datetime NOT NULL)[0m
  [1m[35mSQL (0.8ms)[0m  [1m[32mINSERT INTO "schema_migrations" ("version") VALUES (?)[0m  [["version", "20170405130403"]]
  [1m[35m (152.1ms)[0m  [1m[36mcommit transaction[0m
Migrating to CreateCustomers (20170405130411)
  [1m[35m (0.1ms)[0m  [1m[36mbegin transaction[0m
  [1m[35m (0.4ms)[0m  [1m[35mCREATE TABLE "customers" ("id" INTEGER PRIMARY KEY AUTOINCREMENT NOT NULL, "name" varchar, "address" varchar, "created_at" datetime NOT NULL, "updated_at" datetime NOT NULL)[0m
  [1m[35mSQL (0.2ms)[0m  [1m[32mINSERT INTO "schema_migrations" ("version") VALUES (?)[0m  [["version", "20170405130411"]]
  [1m[35m (140.7ms)[0m  [1m[36mcommit transaction[0m
Migrating to CreateOrders (20170405130421)
  [1m[35m (0.1ms)[0m  [1m[36mbegin transaction[0m
  [1m[35m (0.4ms)[0m  [1m[35mCREATE TABLE "orders" ("id" INTEGER PRIMARY KEY AUTOINCREMENT NOT NULL, "number" varchar, "customer_id" integer, "total_price" float, "order_date" date, "created_at" datetime NOT NULL, "updated_at" datetime NOT NULL)[0m
  [1m[35mSQL (0.2ms)[0m  [1m[32mINSERT INTO "schema_migrations" ("version") VALUES (?)[0m  [["version", "20170405130421"]]
  [1m[35m (164.4ms)[0m  [1m[36mcommit transaction[0m
Migrating to CreateOrderItems (20170405130435)
  [1m[35m (0.1ms)[0m  [1m[36mbegin transaction[0m
  [1m[35m (0.8ms)[0m  [1m[35mCREATE TABLE "order_items" ("id" INTEGER PRIMARY KEY AUTOINCREMENT NOT NULL, "order_id" integer, "product_id" integer, "qty" integer, "created_at" datetime NOT NULL, "updated_at" datetime NOT NULL)[0m
  [1m[35mSQL (0.3ms)[0m  [1m[32mINSERT INTO "schema_migrations" ("version") VALUES (?)[0m  [["version", "20170405130435"]]
  [1m[35m (280.3ms)[0m  [1m[36mcommit transaction[0m
  [1m[36mActiveRecord::InternalMetadata Load (0.2ms)[0m  [1m[34mSELECT  "ar_internal_metadata".* FROM "ar_internal_metadata" WHERE "ar_internal_metadata"."key" = ? LIMIT ?[0m  [["key", :environment], ["LIMIT", 1]]
  [1m[35m (0.1ms)[0m  [1m[36mbegin transaction[0m
  [1m[35mSQL (0.3ms)[0m  [1m[32mINSERT INTO "ar_internal_metadata" ("key", "value", "created_at", "updated_at") VALUES (?, ?, ?, ?)[0m  [["key", "environment"], ["value", "development"], ["created_at", 2017-04-05 13:04:45 UTC], ["updated_at", 2017-04-05 13:04:45 UTC]]
  [1m[35m (168.8ms)[0m  [1m[36mcommit transaction[0m
  [1m[36mActiveRecord::SchemaMigration Load (0.1ms)[0m  [1m[34mSELECT "schema_migrations".* FROM "schema_migrations"[0m
  [1m[35m (0.1ms)[0m  [1m[36mbegin transaction[0m
  [1m[35mSQL (0.5ms)[0m  [1m[32mINSERT INTO "categories" ("name", "created_at", "updated_at") VALUES (?, ?, ?)[0m  [["name", "Electronics"], ["created_at", 2017-04-05 13:06:35 UTC], ["updated_at", 2017-04-05 13:06:35 UTC]]
  [1m[35m (146.4ms)[0m  [1m[36mcommit transaction[0m
  [1m[36mCategory Load (0.4ms)[0m  [1m[34mSELECT  "categories".* FROM "categories" WHERE "categories"."name" = ? LIMIT ?[0m  [["name", "Electronics"], ["LIMIT", 1]]
  [1m[35m (0.4ms)[0m  [1m[36mbegin transaction[0m
  [1m[35mSQL (0.4ms)[0m  [1m[32mINSERT INTO "products" ("name", "price", "category_id", "created_at", "updated_at") VALUES (?, ?, ?, ?, ?)[0m  [["name", "MacBook Air"], ["price", 1000.0], ["category_id", 1], ["created_at", 2017-04-05 13:06:46 UTC], ["updated_at", 2017-04-05 13:06:46 UTC]]
  [1m[35m (165.0ms)[0m  [1m[36mcommit transaction[0m
  [1m[35m (0.1ms)[0m  [1m[36mbegin transaction[0m
  [1m[35mSQL (0.6ms)[0m  [1m[32mINSERT INTO "customers" ("name", "address", "created_at", "updated_at") VALUES (?, ?, ?, ?)[0m  [["name", "Customer 1"], ["address", "Jakarta"], ["created_at", 2017-04-05 13:06:52 UTC], ["updated_at", 2017-04-05 13:06:52 UTC]]
  [1m[35m (194.0ms)[0m  [1m[36mcommit transaction[0m
  [1m[36mCustomer Load (0.9ms)[0m  [1m[34mSELECT  "customers".* FROM "customers" WHERE "customers"."name" = ? LIMIT ?[0m  [["name", "Customer 1"], ["LIMIT", 1]]
  [1m[35m (0.1ms)[0m  [1m[36mbegin transaction[0m
  [1m[36mCustomer Load (0.2ms)[0m  [1m[34mSELECT  "customers".* FROM "customers" WHERE "customers"."id" = ? LIMIT ?[0m  [["id", 1], ["LIMIT", 1]]
  [1m[36mOrder Exists (0.2ms)[0m  [1m[34mSELECT  1 AS one FROM "orders" WHERE "orders"."number" = ? LIMIT ?[0m  [["number", "ORD0001"], ["LIMIT", 1]]
  [1m[35mSQL (0.3ms)[0m  [1m[32mINSERT INTO "orders" ("number", "customer_id", "order_date", "created_at", "updated_at") VALUES (?, ?, ?, ?, ?)[0m  [["number", "ORD0001"], ["customer_id", 1], ["order_date", Sat, 10 Dec 2016], ["created_at", 2017-04-05 13:07:01 UTC], ["updated_at", 2017-04-05 13:07:01 UTC]]
  [1m[35m (183.7ms)[0m  [1m[36mcommit transaction[0m
  [1m[36mOrder Load (0.2ms)[0m  [1m[34mSELECT "orders".* FROM "orders"[0m
  [1m[35m (0.1ms)[0m  [1m[36mbegin transaction[0m
  [1m[36mOrder Load (0.2ms)[0m  [1m[34mSELECT  "orders".* FROM "orders" WHERE "orders"."id" = ? LIMIT ?[0m  [["id", 1], ["LIMIT", 1]]
  [1m[36mProduct Load (0.2ms)[0m  [1m[34mSELECT  "products".* FROM "products" WHERE "products"."id" = ? LIMIT ?[0m  [["id", 1], ["LIMIT", 1]]
  [1m[35mSQL (0.3ms)[0m  [1m[32mINSERT INTO "order_items" ("order_id", "product_id", "qty", "created_at", "updated_at") VALUES (?, ?, ?, ?, ?)[0m  [["order_id", 1], ["product_id", 1], ["qty", 5], ["created_at", 2017-04-05 13:07:09 UTC], ["updated_at", 2017-04-05 13:07:09 UTC]]
  [1m[35m (199.9ms)[0m  [1m[36mcommit transaction[0m
